2026-05-05T14:56:52Z INF Thank you for trying Cloudflare Tunnel. Doing so, without a Cloudflare account, is a quick way to experiment and try it out. However, be aware that these account-less Tunnels have no uptime guarantee, are subject to the Cloudflare Online Services Terms of Use (https://www.cloudflare.com/website-terms/), and Cloudflare reserves the right to investigate your use of Tunnels for violations of such terms. If you intend to use Tunnels in production you should use a pre-created named tunnel by following: https://developers.cloudflare.com/cloudflare-one/connections/connect-apps
2026-05-05T14:56:52Z INF Requesting new quick Tunnel on trycloudflare.com...
2026-05-05T14:56:58Z INF +--------------------------------------------------------------------------------------------+
2026-05-05T14:56:58Z INF |  Your quick Tunnel has been created! Visit it at (it may take some time to be reachable):  |
2026-05-05T14:56:58Z INF |  https://spare-vegas-phone-computational.trycloudflare.com                                 |
2026-05-05T14:56:58Z INF +--------------------------------------------------------------------------------------------+
2026-05-05T14:56:58Z INF Cannot determine default configuration path. No file [config.yml config.yaml] in [~/.cloudflared ~/.cloudflare-warp ~/cloudflare-warp]
2026-05-05T14:56:58Z INF Version 2025.8.1 (Checksum b5d598b00cc3a28cabc5812d9f762819334614bae452db4e7f23eefe7b081556)
2026-05-05T14:56:58Z INF GOOS: windows, GOVersion: go1.24.2, GoArch: amd64
2026-05-05T14:56:58Z INF Settings: map[ha-connections:1 p:http2 protocol:http2 url:http://localhost:3000]
2026-05-05T14:56:58Z INF cloudflared will not automatically update on Windows systems.
2026-05-05T14:56:58Z INF Generated Connector ID: 6b44b659-afc0-4382-8ff8-cddc44a01def
2026-05-05T14:56:58Z INF Initial protocol http2
2026-05-05T14:56:58Z INF ICMP proxy will use 192.168.100.180 as source for IPv4
2026-05-05T14:56:58Z INF ICMP proxy will use fe80::a9a5:c30f:b2b7:5be2 in zone Ethernet as source for IPv6
2026-05-05T14:56:58Z ERR Cannot determine default origin certificate path. No file cert.pem in [~/.cloudflared ~/.cloudflare-warp ~/cloudflare-warp]. You need to specify the origin certificate path by specifying the origincert option in the configuration file, or set TUNNEL_ORIGIN_CERT environment variable originCertPath=
2026-05-05T14:56:58Z INF cloudflared does not support loading the system root certificate pool on Windows. Please use --origin-ca-pool <PATH> to specify the path to the certificate pool
2026-05-05T14:56:58Z INF ICMP proxy will use 192.168.100.180 as source for IPv4
2026-05-05T14:56:59Z INF ICMP proxy will use fe80::a9a5:c30f:b2b7:5be2 in zone Ethernet as source for IPv6
2026-05-05T14:56:59Z INF Starting metrics server on 127.0.0.1:20241/metrics
2026-05-05T14:56:59Z INF Registered tunnel connection connIndex=0 connection=99660b24-bb4c-40f2-971e-8e4e74152623 event=0 ip=198.41.200.13 location=fco01 protocol=http2
